<?xml version="1.0" encoding="UTF-8"?>
<!-- Generated by org.testng.reporters.JUnitReportReporter -->
<testsuite hostname="com11" failures="0" tests="5" name="testng.NewTest13" time="67.993" errors="0" timestamp="2024-05-31T14:55:08 IST" skipped="0">
  <testcase classname="testng.NewTest13" name="Tc_006" time="10.099"/>
  <system-out/>
  <testcase classname="testng.NewTest13" name="Tc_007" time="13.177"/>
  <system-out/>
  <testcase classname="testng.NewTest13" name="Tc_0010" time="16.609"/>
  <system-out/>
  <testcase classname="testng.NewTest13" name="Tc_009" time="14.325"/>
  <system-out/>
  <testcase classname="testng.NewTest13" name="Tc_008" time="13.783"/>
  <system-out/>
</testsuite> <!-- testng.NewTest13 -->
