<?xml version="1.0" encoding="UTF-8"?>
<!-- Generated by org.testng.reporters.JUnitReportReporter -->
<testsuite hostname="com11" failures="0" tests="4" name="testng.NewTest16" time="137.336" errors="0" timestamp="2024-05-31T14:50:44 IST" skipped="0">
  <testcase classname="testng.NewTest16" name="Tc_0026" time="17.130"/>
  <system-out/>
  <testcase classname="testng.NewTest16" name="Tc_0027" time="50.557"/>
  <system-out/>
  <testcase classname="testng.NewTest16" name="Tc_0025" time="56.928"/>
  <system-out/>
  <testcase classname="testng.NewTest16" name="Tc_0024" time="12.721"/>
  <system-out/>
</testsuite> <!-- testng.NewTest16 -->
