<?xml version="1.0" encoding="UTF-8"?>
<!-- Generated by org.testng.reporters.JUnitReportReporter -->
<testsuite hostname="com11" failures="0" tests="6" name="testng.NewTest15" time="90.012" errors="0" timestamp="2024-05-31T14:47:26 IST" skipped="0">
  <testcase classname="testng.NewTest15" name="Tc_0018" time="12.222"/>
  <system-out/>
  <testcase classname="testng.NewTest15" name="Tc_0020" time="22.049"/>
  <system-out/>
  <testcase classname="testng.NewTest15" name="Tc_0021" time="15.729"/>
  <system-out/>
  <testcase classname="testng.NewTest15" name="Tc_0022" time="13.556"/>
  <system-out/>
  <testcase classname="testng.NewTest15" name="Tc_0019" time="11.463"/>
  <system-out/>
  <testcase classname="testng.NewTest15" name="Tc_0023" time="14.993"/>
  <system-out/>
</testsuite> <!-- testng.NewTest15 -->
