<?xml version="1.0" encoding="UTF-8"?>
<!-- Generated by org.testng.reporters.JUnitReportReporter -->
<testsuite hostname="com11" failures="0" tests="5" name="testng.NewTest12" time="95.974" errors="0" timestamp="2024-05-31T14:39:07 IST" skipped="0">
  <testcase classname="testng.NewTest12" name="Tc_005" time="12.406"/>
  <system-out/>
  <testcase classname="testng.NewTest12" name="Tc_004" time="9.119"/>
  <system-out/>
  <testcase classname="testng.NewTest12" name="Tc_003" time="53.967"/>
  <system-out/>
  <testcase classname="testng.NewTest12" name="Tc_001" time="11.453"/>
  <system-out/>
  <testcase classname="testng.NewTest12" name="Tc_002" time="9.029"/>
  <system-out/>
</testsuite> <!-- testng.NewTest12 -->
