<?xml version="1.0" encoding="UTF-8"?>
<!-- Generated by org.testng.reporters.JUnitReportReporter -->
<testsuite hostname="com11" failures="0" tests="7" name="testng.NewTest14" time="92.091" errors="0" timestamp="2024-05-31T14:57:43 IST" skipped="0">
  <testcase classname="testng.NewTest14" name="Tc_0014" time="16.019"/>
  <system-out/>
  <testcase classname="testng.NewTest14" name="Tc_0017" time="11.755"/>
  <system-out/>
  <testcase classname="testng.NewTest14" name="Tc_0015" time="14.837"/>
  <system-out/>
  <testcase classname="testng.NewTest14" name="Tc_0013" time="14.001"/>
  <system-out/>
  <testcase classname="testng.NewTest14" name="Tc_0011" time="13.648"/>
  <system-out/>
  <testcase classname="testng.NewTest14" name="Tc_0012" time="11.272"/>
  <system-out/>
  <testcase classname="testng.NewTest14" name="Tc_0016" time="10.559"/>
  <system-out/>
</testsuite> <!-- testng.NewTest14 -->
